
> sargagame@0.0.0 build
> node scripts/build-sargassum-json.cjs && vite build

OK: public/api/copernicus/sargassum.json (kept erddap-live data, not overwriting)
[36mvite v5.4.21 [32mbuilding for production...[36m[39m
transforming...
[32m✓[39m 37 modules transformed.
rendering chunks...
computing gzip size...
[2mdist/[22m[32mindex.html                       [39m[1m[2m 18.22 kB[22m[1m[22m[2m │ gzip:  6.25 kB[22m
[2mdist/[22m[35massets/MapView-CIGW-MKW.css      [39m[1m[2m 15.61 kB[22m[1m[22m[2m │ gzip:  6.46 kB[22m
[2mdist/[22m[36massets/MapView-D_-eDTlb.js       [39m[1m[2m 23.65 kB[22m[1m[22m[2m │ gzip:  8.63 kB[22m
[2mdist/[22m[36massets/react-vendor-CP3NX7uj.js  [39m[1m[2m140.81 kB[22m[1m[22m[2m │ gzip: 45.25 kB[22m
[2mdist/[22m[36massets/leaflet-DU5C8HEI.js       [39m[1m[2m149.76 kB[22m[1m[22m[2m │ gzip: 43.41 kB[22m
[2mdist/[22m[36massets/index-Db2rdEYQ.js         [39m[1m[2m190.52 kB[22m[1m[22m[2m │ gzip: 58.20 kB[22m
[32m✓ built in 1.55s[39m
   → 8 pages EN supplémentaires générées
   → 4 pages ES supplémentaires générées
   → Sitemaps générés avec lastmod: 2026-06-10
   → BreadcrumbList ajouté à /carte-sargasses/, /previsions/ et /alertes/
   → 2 articles éditoriaux ajoutés aux sitemaps
   → /plages/ index page générée (MQ + GP)
   → /conditions/ hub + 4 aggregation pages (MQ + GP) = 10 pages
   → 136 pages plages générées (53 MQ + 83 GP)
   → Sitemaps enrichis avec URLs plages
