04:48:09 [grande-anse] OK  attendu="Grande Anse d'Arlet" ouvert="Grande Anse d'Arlet" dist=0m (essai 1) | hero dismissed ; a1@(119,451) z=10.5 near18=1 near40=4 top=div>div>div.leaflet-marker-icon
04:48:24 [anse-mitan] OK  attendu="Anse Mitan" ouvert="Anse Mitan" dist=0m (essai 1) | hero dismissed ; a1@(151,399) z=10.5 near18=3 near40=3 top=div>div.leaflet-marker-icon>div
04:48:39 [anse-noire] OK  attendu="Anse Noire" ouvert="Anse Noire" dist=0m (essai 1) | hero dismissed ; a1@(118,425) z=10.5 near18=2 near40=4 top=div>div>div.leaflet-marker-icon
04:48:55 [tartane] OK  attendu="Bourg de Tartane" ouvert="Bourg de Tartane" dist=0m (essai 1) | hero dismissed ; a1@(284,188) z=10.5 near18=2 near40=6 top=div.sg-pin>div>div.leaflet-marker-icon
04:49:10 [anse-madame] OK  attendu="Anse Madame" ouvert="Anse Madame" dist=0m (essai 1) | hero dismissed ; a1@(101,329) z=10.5 near18=3 near40=4 top=div.sg-pin>div>div.leaflet-marker-icon
04:49:25 [diamant] OK  attendu="Plage du Diamant" ouvert="Plage du Diamant" dist=0m (essai 1) | hero dismissed ; a1@(175,480) z=10.5 near18=2 near40=2 top=div>div.leaflet-marker-icon>div
04:49:41 [pt-marin] OK  attendu="Plage du Marin" ouvert="Plage du Marin" dist=0m (essai 1) | hero dismissed ; a1@(328,506) z=10.5 near18=1 near40=7 top=div>div.leaflet-marker-icon>div
04:49:56 [sainte-anne] OK  attendu="Plage du Bourg (Sainte-Anne)" ouvert="Plage du Bourg (Sainte-Anne)" dist=0m (essai 1) | hero dismissed ; a1@(326,528) z=10.5 near18=4 near40=6 top=div>div.leaflet-marker-icon>div
04:50:11 [les-salines] OK  attendu="Plage des Salines" ouvert="Plage des Salines" dist=0m (essai 1) | hero dismissed ; a1@(343,565) z=10.5 near18=1 near40=5 top=div>div>div.leaflet-marker-icon
04:50:27 [vauclin] OK  attendu="Pointe Faula" ouvert="Pointe Faula" dist=0m (essai 1) | hero dismissed ; a1@(384,410) z=10.5 near18=2 near40=3 top=div>div>div.leaflet-marker-icon

=== JSON ===
{
 "domain": "sargasses-martinique.com",
 "tested": 10,
 "pass": 10,
 "results": [
  {
   "id": "grande-anse",
   "name": "Grande Anse d'Arlet",
   "ok": true,
   "opened": "Grande Anse d'Arlet",
   "dist": 0,
   "attempt": 1,
   "zoom": 10.5,
   "near18": 1,
   "events": [
    "hero dismissed",
    "a1@(119,451) z=10.5 near18=1 near40=4 top=div>div>div.leaflet-marker-icon"
   ]
  },
  {
   "id": "anse-mitan",
   "name": "Anse Mitan",
   "ok": true,
   "opened": "Anse Mitan",
   "dist": 0,
   "attempt": 1,
   "zoom": 10.5,
   "near18": 3,
   "events": [
    "hero dismissed",
    "a1@(151,399) z=10.5 near18=3 near40=3 top=div>div.leaflet-marker-icon>div"
   ]
  },
  {
   "id": "anse-noire",
   "name": "Anse Noire",
   "ok": true,
   "opened": "Anse Noire",
   "dist": 0,
   "attempt": 1,
   "zoom": 10.5,
   "near18": 2,
   "events": [
    "hero dismissed",
    "a1@(118,425) z=10.5 near18=2 near40=4 top=div>div>div.leaflet-marker-icon"
   ]
  },
  {
   "id": "tartane",
   "name": "Bourg de Tartane",
   "ok": true,
   "opened": "Bourg de Tartane",
   "dist": 0,
   "attempt": 1,
   "zoom": 10.5,
   "near18": 2,
   "events": [
    "hero dismissed",
    "a1@(284,188) z=10.5 near18=2 near40=6 top=div.sg-pin>div>div.leaflet-marker-icon"
   ]
  },
  {
   "id": "anse-madame",
   "name": "Anse Madame",
   "ok": true,
   "opened": "Anse Madame",
   "dist": 0,
   "attempt": 1,
   "zoom": 10.5,
   "near18": 3,
   "events": [
    "hero dismissed",
    "a1@(101,329) z=10.5 near18=3 near40=4 top=div.sg-pin>div>div.leaflet-marker-icon"
   ]
  },
  {
   "id": "diamant",
   "name": "Plage du Diamant",
   "ok": true,
   "opened": "Plage du Diamant",
   "dist": 0,
   "attempt": 1,
   "zoom": 10.5,
   "near18": 2,
   "events": [
    "hero dismissed",
    "a1@(175,480) z=10.5 near18=2 near40=2 top=div>div.leaflet-marker-icon>div"
   ]
  },
  {
   "id": "pt-marin",
   "name": "Plage du Marin",
   "ok": true,
   "opened": "Plage du Marin",
   "dist": 0,
   "attempt": 1,
   "zoom": 10.5,
   "near18": 1,
   "events": [
    "hero dismissed",
    "a1@(328,506) z=10.5 near18=1 near40=7 top=div>div.leaflet-marker-icon>div"
   ]
  },
  {
   "id": "sainte-anne",
   "name": "Plage du Bourg (Sainte-Anne)",
   "ok": true,
   "opened": "Plage du Bourg (Sainte-Anne)",
   "dist": 0,
   "attempt": 1,
   "zoom": 10.5,
   "near18": 4,
   "events": [
    "hero dismissed",
    "a1@(326,528) z=10.5 near18=4 near40=6 top=div>div.leaflet-marker-icon>div"
   ]
  },
  {
   "id": "les-salines",
   "name": "Plage des Salines",
   "ok": true,
   "opened": "Plage des Salines",
   "dist": 0,
   "attempt": 1,
   "zoom": 10.5,
   "near18": 1,
   "events": [
    "hero dismissed",
    "a1@(343,565) z=10.5 near18=1 near40=5 top=div>div>div.leaflet-marker-icon"
   ]
  },
  {
   "id": "vauclin",
   "name": "Pointe Faula",
   "ok": true,
   "opened": "Pointe Faula",
   "dist": 0,
   "attempt": 1,
   "zoom": 10.5,
   "near18": 2,
   "events": [
    "hero dismissed",
    "a1@(384,410) z=10.5 near18=2 near40=3 top=div>div>div.leaflet-marker-icon"
   ]
  }
 ]
}
